Using device: cpu
Starting with 10 Population:
[Arch(conv=2, acc=0.0000), Arch(conv=1, acc=0.0000), Arch(conv=1, acc=0.0000), Arch(conv=3, acc=0.0000), Arch(conv=3, acc=0.0000), Arch(conv=2, acc=0.0000), Arch(conv=4, acc=0.0000), Arch(conv=3, acc=0.0000), Arch(conv=4, acc=0.0000), Arch(conv=3, acc=0.0000)]


============================================================
Generation 1/5
============================================================
Evaluating architecture 1/10... Fitness: 0.3051, Accuracy: 0.3900
Evaluating architecture 2/10... Fitness: 0.4295, Accuracy: 0.4400
Evaluating architecture 3/10... Fitness: 0.3689, Accuracy: 0.3900
Evaluating architecture 4/10... Fitness: 0.3352, Accuracy: 0.3400
Evaluating architecture 5/10... Fitness: 0.3286, Accuracy: 0.3400
Evaluating architecture 6/10... Fitness: 0.3585, Accuracy: 0.3800
Evaluating architecture 7/10... Fitness: 0.1481, Accuracy: 0.1500
Evaluating architecture 8/10... Fitness: 0.5266, Accuracy: 0.5300
Evaluating architecture 9/10... Fitness: 0.2821, Accuracy: 0.2900
Evaluating architecture 10/10... Fitness: 0.4589, Accuracy: 0.4700

Sorting population in terms of fitness score (high -> low) ...
Best in generation: Arch(conv=3, acc=0.5300)

Best overall: Arch(conv=3, acc=0.5300)

Performing tournament selection of total population: 10 ...
Performing Crossover & Mutation ...
Elitism: Keeping top 2 architectures in next generation.
Next Generation: [Arch(conv=3, acc=0.5300), Arch(conv=3, acc=0.4700), Arch(conv=1, acc=0.0000), Arch(conv=1, acc=0.0000), Arch(conv=1, acc=0.0000), Arch(conv=3, acc=0.0000), Arch(conv=1, acc=0.0000), Arch(conv=1, acc=0.0000), Arch(conv=3, acc=0.0000), Arch(conv=2, acc=0.0000)]

============================================================
Generation 2/5
============================================================
Evaluating architecture 1/10... Fitness: 0.2366, Accuracy: 0.2400
Evaluating architecture 2/10... Fitness: 0.4589, Accuracy: 0.4700
Evaluating architecture 3/10... Fitness: 0.2789, Accuracy: 0.3000
Evaluating architecture 4/10... Fitness: 0.3795, Accuracy: 0.3900
Evaluating architecture 5/10... Fitness: 0.4195, Accuracy: 0.4300
Evaluating architecture 6/10... Fitness: 0.3153, Accuracy: 0.3200
Evaluating architecture 7/10... Fitness: 0.2789, Accuracy: 0.3000
Evaluating architecture 8/10... Fitness: 0.4195, Accuracy: 0.4300
Evaluating architecture 9/10... Fitness: 0.1489, Accuracy: 0.1600
Evaluating architecture 10/10... Fitness: 0.2785, Accuracy: 0.3000

Sorting population in terms of fitness score (high -> low) ...
Best in generation: Arch(conv=3, acc=0.4700)

Best overall: Arch(conv=3, acc=0.5300)

Performing tournament selection of total population: 10 ...
Performing Crossover & Mutation ...
Elitism: Keeping top 2 architectures in next generation.
Next Generation: [Arch(conv=3, acc=0.4700), Arch(conv=1, acc=0.4300), Arch(conv=1, acc=0.0000), Arch(conv=3, acc=0.0000), Arch(conv=3, acc=0.0000), Arch(conv=1, acc=0.0000), Arch(conv=1, acc=0.0000), Arch(conv=1, acc=0.0000), Arch(conv=1, acc=0.0000), Arch(conv=1, acc=0.3900)]

============================================================
Generation 3/5
============================================================
Evaluating architecture 1/10... Fitness: 0.2389, Accuracy: 0.2500
Evaluating architecture 2/10... Fitness: 0.3695, Accuracy: 0.3800
Evaluating architecture 3/10... Fitness: 0.3495, Accuracy: 0.3600
Evaluating architecture 4/10... Fitness: 0.2189, Accuracy: 0.2300
Evaluating architecture 5/10... Fitness: 0.3589, Accuracy: 0.3700
Evaluating architecture 6/10... Fitness: 0.3095, Accuracy: 0.3200
Evaluating architecture 7/10... Fitness: 0.3695, Accuracy: 0.3800
Evaluating architecture 8/10... Fitness: 0.3895, Accuracy: 0.4000
Evaluating architecture 9/10... Fitness: 0.4247, Accuracy: 0.4300
Evaluating architecture 10/10... Fitness: 0.3895, Accuracy: 0.4000

Sorting population in terms of fitness score (high -> low) ...
Best in generation: Arch(conv=1, acc=0.4300)

Best overall: Arch(conv=3, acc=0.5300)

Performing tournament selection of total population: 10 ...
Performing Crossover & Mutation ...
Elitism: Keeping top 2 architectures in next generation.
Next Generation: [Arch(conv=1, acc=0.4300), Arch(conv=1, acc=0.4000), Arch(conv=1, acc=0.0000), Arch(conv=1, acc=0.0000), Arch(conv=1, acc=0.3800), Arch(conv=2, acc=0.0000), Arch(conv=1, acc=0.0000), Arch(conv=1, acc=0.0000), Arch(conv=1, acc=0.4300), Arch(conv=1, acc=0.0000)]

============================================================
Generation 4/5
============================================================
Evaluating architecture 1/10... Fitness: 0.4047, Accuracy: 0.4100
Evaluating architecture 2/10... Fitness: 0.3695, Accuracy: 0.3800
Evaluating architecture 3/10... Fitness: 0.3995, Accuracy: 0.4100
Evaluating architecture 4/10... Fitness: 0.3347, Accuracy: 0.3400
Evaluating architecture 5/10... Fitness: 0.3995, Accuracy: 0.4100
Evaluating architecture 6/10... Fitness: 0.3992, Accuracy: 0.4100
Evaluating architecture 7/10... Fitness: 0.3995, Accuracy: 0.4100
Evaluating architecture 8/10... Fitness: 0.3580, Accuracy: 0.4000
Evaluating architecture 9/10... Fitness: 0.3547, Accuracy: 0.3600
Evaluating architecture 10/10... Fitness: 0.3747, Accuracy: 0.3800

Sorting population in terms of fitness score (high -> low) ...
Best in generation: Arch(conv=1, acc=0.4100)

Best overall: Arch(conv=3, acc=0.5300)

Performing tournament selection of total population: 10 ...
Performing Crossover & Mutation ...
Elitism: Keeping top 2 architectures in next generation.
Next Generation: [Arch(conv=1, acc=0.4100), Arch(conv=1, acc=0.4100), Arch(conv=1, acc=0.0000), Arch(conv=1, acc=0.0000), Arch(conv=1, acc=0.0000), Arch(conv=1, acc=0.0000), Arch(conv=1, acc=0.0000), Arch(conv=1, acc=0.0000), Arch(conv=1, acc=0.0000), Arch(conv=1, acc=0.0000)]

============================================================
Generation 5/5
============================================================
Evaluating architecture 1/10... Fitness: 0.3447, Accuracy: 0.3500
Evaluating architecture 2/10... Fitness: 0.4195, Accuracy: 0.4300
Evaluating architecture 3/10... Fitness: 0.4047, Accuracy: 0.4100
Evaluating architecture 4/10... Fitness: 0.3847, Accuracy: 0.3900
Evaluating architecture 5/10... Fitness: 0.4195, Accuracy: 0.4300
Evaluating architecture 6/10... Fitness: 0.3947, Accuracy: 0.4000
Evaluating architecture 7/10... Fitness: 0.3995, Accuracy: 0.4100
Evaluating architecture 8/10... Fitness: 0.3790, Accuracy: 0.4000
Evaluating architecture 9/10... Fitness: 0.2695, Accuracy: 0.2800
Evaluating architecture 10/10... Fitness: 0.3795, Accuracy: 0.3900

Sorting population in terms of fitness score (high -> low) ...
Best in generation: Arch(conv=1, acc=0.4300)

Best overall: Arch(conv=3, acc=0.5300)

Performing tournament selection of total population: 10 ...
Performing Crossover & Mutation ...
Elitism: Keeping top 2 architectures in next generation.
Next Generation: [Arch(conv=1, acc=0.4300), Arch(conv=1, acc=0.4300), Arch(conv=1, acc=0.0000), Arch(conv=1, acc=0.4000), Arch(conv=1, acc=0.0000), Arch(conv=1, acc=0.0000), Arch(conv=1, acc=0.0000), Arch(conv=1, acc=0.0000), Arch(conv=1, acc=0.4300), Arch(conv=1, acc=0.3900)]

============================================================
FINAL BEST ARCHITECTURE
============================================================
Genes: {'num_conv': 3, 'conv_configs': [{'filters': 32, 'kernel_size': 5}, {'filters': 64, 'kernel_size': 5}, {'filters': 32, 'kernel_size': 3}], 'pool_type': 'avg', 'activation': 'relu', 'fc_units': 128}
Accuracy: 0.5300
Fitness: 0.5266

Total parameters: 335,978

Model architecture:
CNN(
  (features): Sequential(
    (0): Conv2d(3, 32, kernel_size=(5, 5), stride=(1, 1), padding=(2, 2))
    (1): BatchNorm2d(32, eps=1e-05, momentum=0.1, affine=True, track_running_stats=True)
    (2): ReLU(inplace=True)
    (3): Conv2d(32, 64, kernel_size=(5, 5), stride=(1, 1), padding=(2, 2))
    (4): BatchNorm2d(64, eps=1e-05, momentum=0.1, affine=True, track_running_stats=True)
    (5): ReLU(inplace=True)
    (6): AvgPool2d(kernel_size=2, stride=2, padding=0)
    (7): Conv2d(64, 32, kernel_size=(3, 3), stride=(1, 1), padding=(1, 1))
    (8): BatchNorm2d(32, eps=1e-05, momentum=0.1, affine=True, track_running_stats=True)
    (9): ReLU(inplace=True)
    (10): AvgPool2d(kernel_size=2, stride=2, padding=0)
  )
  (classifier): Sequential(
    (0): Flatten(start_dim=1, end_dim=-1)
    (1): Linear(in_features=2048, out_features=128, bias=True)
    (2): ReLU(inplace=True)
    (3): Dropout(p=0.5, inplace=False)
    (4): Linear(in_features=128, out_features=10, bias=True)
  )
)
