Using device: cpu
Starting with 10 Population:
[Arch(conv=4, acc=0.0000), Arch(conv=3, acc=0.0000), Arch(conv=4, acc=0.0000), Arch(conv=2, acc=0.0000), Arch(conv=1, acc=0.0000), Arch(conv=2, acc=0.0000), Arch(conv=4, acc=0.0000), Arch(conv=2, acc=0.0000), Arch(conv=1, acc=0.0000), Arch(conv=3, acc=0.0000)]


============================================================
Generation 1/5
============================================================
Evaluating architecture 1/10... Fitness: 0.2893, Accuracy: 0.3000
Evaluating architecture 2/10... Fitness: 0.4343, Accuracy: 0.4400
Evaluating architecture 3/10... Fitness: 0.3241, Accuracy: 0.3500
Evaluating architecture 4/10... Fitness: 0.2260, Accuracy: 0.2700
Evaluating architecture 5/10... Fitness: 0.3747, Accuracy: 0.3800
Evaluating architecture 6/10... Fitness: 0.2690, Accuracy: 0.2800
Evaluating architecture 7/10... Fitness: 0.3726, Accuracy: 0.3900
Evaluating architecture 8/10... Fitness: 0.3535, Accuracy: 0.3600
Evaluating architecture 9/10... Fitness: 0.2860, Accuracy: 0.3700
Evaluating architecture 10/10... Fitness: 0.3180, Accuracy: 0.3200

Sorting population in terms of fitness score (high -> low) ...
Best in generation: Arch(conv=3, acc=0.4400)

Best overall: Arch(conv=3, acc=0.4400)

Performing tournament selection of total population: 10 ...
Performing Crossover & Mutation ...
Elitism: Keeping top 2 architectures in next generation.
Next Generation: [Arch(conv=3, acc=0.4400), Arch(conv=1, acc=0.3800), Arch(conv=1, acc=0.0000), Arch(conv=2, acc=0.0000), Arch(conv=4, acc=0.0000), Arch(conv=3, acc=0.0000), Arch(conv=4, acc=0.0000), Arch(conv=4, acc=0.0000), Arch(conv=3, acc=0.3200), Arch(conv=2, acc=0.0000)]

============================================================
Generation 2/5
============================================================
Evaluating architecture 1/10... Fitness: 0.4943, Accuracy: 0.5000
Evaluating architecture 2/10... Fitness: 0.4547, Accuracy: 0.4600
Evaluating architecture 3/10... Fitness: 0.3379, Accuracy: 0.3800
Evaluating architecture 4/10... Fitness: 0.2773, Accuracy: 0.2800
Evaluating architecture 5/10... Fitness: 0.4993, Accuracy: 0.5100
Evaluating architecture 6/10... Fitness: 0.1880, Accuracy: 0.1900
Evaluating architecture 7/10... Fitness: 0.4193, Accuracy: 0.4300
Evaluating architecture 8/10... Fitness: 0.3793, Accuracy: 0.3900
Evaluating architecture 9/10... Fitness: 0.2480, Accuracy: 0.2500
Evaluating architecture 10/10... Fitness: 0.3435, Accuracy: 0.3500

Sorting population in terms of fitness score (high -> low) ...
Best in generation: Arch(conv=4, acc=0.5100)

Best overall: Arch(conv=4, acc=0.5100)

Performing tournament selection of total population: 10 ...
Performing Crossover & Mutation ...
Elitism: Keeping top 2 architectures in next generation.
Next Generation: [Arch(conv=4, acc=0.5100), Arch(conv=3, acc=0.5000), Arch(conv=4, acc=0.0000), Arch(conv=4, acc=0.0000), Arch(conv=3, acc=0.1900), Arch(conv=1, acc=0.4600), Arch(conv=3, acc=0.0000), Arch(conv=4, acc=0.0000), Arch(conv=4, acc=0.0000), Arch(conv=3, acc=0.0000)]

============================================================
Generation 3/5
============================================================
Evaluating architecture 1/10... Fitness: 0.4493, Accuracy: 0.4600
Evaluating architecture 2/10... Fitness: 0.2943, Accuracy: 0.3000
Evaluating architecture 3/10... Fitness: 0.3893, Accuracy: 0.4000
Evaluating architecture 4/10... Fitness: 0.4593, Accuracy: 0.4700
Evaluating architecture 5/10... Fitness: 0.2380, Accuracy: 0.2400
Evaluating architecture 6/10... Fitness: 0.4347, Accuracy: 0.4400
Evaluating architecture 7/10... Fitness: 0.2180, Accuracy: 0.2200
Evaluating architecture 8/10... Fitness: 0.3093, Accuracy: 0.3200
Evaluating architecture 9/10... Fitness: 0.4180, Accuracy: 0.4200
Evaluating architecture 10/10... Fitness: 0.3048, Accuracy: 0.3100

Sorting population in terms of fitness score (high -> low) ...
Best in generation: Arch(conv=4, acc=0.4700)

Best overall: Arch(conv=4, acc=0.5100)

Performing tournament selection of total population: 10 ...
Performing Crossover & Mutation ...
Elitism: Keeping top 2 architectures in next generation.
Next Generation: [Arch(conv=4, acc=0.4700), Arch(conv=4, acc=0.4600), Arch(conv=4, acc=0.4000), Arch(conv=3, acc=0.3000), Arch(conv=4, acc=0.0000), Arch(conv=4, acc=0.0000), Arch(conv=4, acc=0.0000), Arch(conv=4, acc=0.4700), Arch(conv=4, acc=0.0000), Arch(conv=4, acc=0.0000)]

============================================================
Generation 4/5
============================================================
Evaluating architecture 1/10... Fitness: 0.3993, Accuracy: 0.4100
Evaluating architecture 2/10... Fitness: 0.3893, Accuracy: 0.4000
Evaluating architecture 3/10... Fitness: 0.4493, Accuracy: 0.4600
Evaluating architecture 4/10... Fitness: 0.4743, Accuracy: 0.4800
Evaluating architecture 5/10... Fitness: 0.3009, Accuracy: 0.3300
Evaluating architecture 6/10... Fitness: 0.1628, Accuracy: 0.1700
Evaluating architecture 7/10... Fitness: 0.3593, Accuracy: 0.3700
Evaluating architecture 8/10... Fitness: 0.4493, Accuracy: 0.4600
Evaluating architecture 9/10... Fitness: 0.3567, Accuracy: 0.3700
Evaluating architecture 10/10... Fitness: 0.4293, Accuracy: 0.4400

Sorting population in terms of fitness score (high -> low) ...
Best in generation: Arch(conv=3, acc=0.4800)

Best overall: Arch(conv=4, acc=0.5100)

Performing tournament selection of total population: 10 ...
Performing Crossover & Mutation ...
Elitism: Keeping top 2 architectures in next generation.
Next Generation: [Arch(conv=3, acc=0.4800), Arch(conv=4, acc=0.4600), Arch(conv=4, acc=0.0000), Arch(conv=4, acc=0.0000), Arch(conv=4, acc=0.0000), Arch(conv=4, acc=0.0000), Arch(conv=4, acc=0.0000), Arch(conv=4, acc=0.0000), Arch(conv=4, acc=0.3700), Arch(conv=4, acc=0.1700)]

============================================================
Generation 5/5
============================================================
Evaluating architecture 1/10... Fitness: 0.3743, Accuracy: 0.3800
Evaluating architecture 2/10... Fitness: 0.2893, Accuracy: 0.3000
Evaluating architecture 3/10... Fitness: 0.2593, Accuracy: 0.2700
Evaluating architecture 4/10... Fitness: 0.3593, Accuracy: 0.3700
Evaluating architecture 5/10... Fitness: 0.3893, Accuracy: 0.4000
Evaluating architecture 6/10... Fitness: 0.3693, Accuracy: 0.3800
Evaluating architecture 7/10... Fitness: 0.2809, Accuracy: 0.3100
Evaluating architecture 8/10... Fitness: 0.3593, Accuracy: 0.3700
Evaluating architecture 9/10... Fitness: 0.3293, Accuracy: 0.3400
Evaluating architecture 10/10... Fitness: 0.4628, Accuracy: 0.4700

Sorting population in terms of fitness score (high -> low) ...
Best in generation: Arch(conv=4, acc=0.4700)

Best overall: Arch(conv=4, acc=0.5100)

Performing tournament selection of total population: 10 ...
Performing Crossover & Mutation ...
Elitism: Keeping top 2 architectures in next generation.
Next Generation: [Arch(conv=4, acc=0.4700), Arch(conv=4, acc=0.4000), Arch(conv=4, acc=0.0000), Arch(conv=4, acc=0.0000), Arch(conv=4, acc=0.0000), Arch(conv=4, acc=0.0000), Arch(conv=4, acc=0.0000), Arch(conv=4, acc=0.0000), Arch(conv=4, acc=0.0000), Arch(conv=4, acc=0.3100)]

============================================================
FINAL BEST ARCHITECTURE
============================================================
Genes: {'num_conv': 4, 'conv_configs': [{'filters': 128, 'kernel_size': 3}, {'filters': 64, 'kernel_size': 7}, {'filters': 64, 'kernel_size': 7}, {'filters': 64, 'kernel_size': 7}], 'pool_type': 'avg', 'activation': 'relu', 'fc_units': 64}
Accuracy: 0.5100
Fitness: 0.4993

Total parameters: 1,070,090

Model architecture:
CNN(
  (features): Sequential(
    (0): Conv2d(3, 128, kernel_size=(3, 3), stride=(1, 1), padding=(1, 1))
    (1): BatchNorm2d(128, eps=1e-05, momentum=0.1, affine=True, track_running_stats=True)
    (2): ReLU(inplace=True)
    (3): Conv2d(128, 64, kernel_size=(7, 7), stride=(1, 1), padding=(3, 3))
    (4): BatchNorm2d(64, eps=1e-05, momentum=0.1, affine=True, track_running_stats=True)
    (5): ReLU(inplace=True)
    (6): AvgPool2d(kernel_size=2, stride=2, padding=0)
    (7): Conv2d(64, 64, kernel_size=(7, 7), stride=(1, 1), padding=(3, 3))
    (8): BatchNorm2d(64, eps=1e-05, momentum=0.1, affine=True, track_running_stats=True)
    (9): ReLU(inplace=True)
    (10): Conv2d(64, 64, kernel_size=(7, 7), stride=(1, 1), padding=(3, 3))
    (11): BatchNorm2d(64, eps=1e-05, momentum=0.1, affine=True, track_running_stats=True)
    (12): ReLU(inplace=True)
    (13): AvgPool2d(kernel_size=2, stride=2, padding=0)
  )
  (classifier): Sequential(
    (0): Flatten(start_dim=1, end_dim=-1)
    (1): Linear(in_features=4096, out_features=64, bias=True)
    (2): ReLU(inplace=True)
    (3): Dropout(p=0.5, inplace=False)
    (4): Linear(in_features=64, out_features=10, bias=True)
  )
)
