Using device: cpu
Starting with 10 Population:
[Arch(conv=1, acc=0.0000), Arch(conv=2, acc=0.0000), Arch(conv=1, acc=0.0000), Arch(conv=2, acc=0.0000), Arch(conv=1, acc=0.0000), Arch(conv=1, acc=0.0000), Arch(conv=2, acc=0.0000), Arch(conv=3, acc=0.0000), Arch(conv=2, acc=0.0000), Arch(conv=2, acc=0.0000)]


============================================================
Generation 1/5
============================================================
Evaluating architecture 1/10... Fitness: 0.3160, Accuracy: 0.4000
Evaluating architecture 2/10... Fitness: 0.2891, Accuracy: 0.3000
Evaluating architecture 3/10... Fitness: 0.2160, Accuracy: 0.3000
Evaluating architecture 4/10... Fitness: 0.3158, Accuracy: 0.4000
Evaluating architecture 5/10... Fitness: 0.2895, Accuracy: 0.3000
Evaluating architecture 6/10... Fitness: 0.0974, Accuracy: 0.1000
Evaluating architecture 7/10... Fitness: 0.2941, Accuracy: 0.3000
Evaluating architecture 8/10... Fitness: 0.2948, Accuracy: 0.3000
Evaluating architecture 9/10... Fitness: 0.3946, Accuracy: 0.4000
Evaluating architecture 10/10... Fitness: 0.2158, Accuracy: 0.3000

Sorting population in terms of fitness score (high -> low) ...
Best in generation: Arch(conv=2, acc=0.4000)

Best overall: Arch(conv=2, acc=0.4000)

Performing tournament selection of total population: 10 ...
Performing Crossover & Mutation ...
Elitism: Keeping top 2 architectures in next generation.
Next Generation: [Arch(conv=2, acc=0.4000), Arch(conv=1, acc=0.4000), Arch(conv=2, acc=0.0000), Arch(conv=2, acc=0.0000), Arch(conv=2, acc=0.0000), Arch(conv=2, acc=0.3000), Arch(conv=1, acc=0.0000), Arch(conv=2, acc=0.0000), Arch(conv=1, acc=0.0000), Arch(conv=2, acc=0.0000)]

============================================================
Generation 2/5
============================================================
Evaluating architecture 1/10... Fitness: 0.0946, Accuracy: 0.1000
Evaluating architecture 2/10... Fitness: 0.2160, Accuracy: 0.3000
Evaluating architecture 3/10... Fitness: 0.3158, Accuracy: 0.4000
Evaluating architecture 4/10... Fitness: 0.2160, Accuracy: 0.3000
Evaluating architecture 5/10... Fitness: 0.2946, Accuracy: 0.3000
Evaluating architecture 6/10... Fitness: 0.0891, Accuracy: 0.1000
Evaluating architecture 7/10... Fitness: 0.1580, Accuracy: 0.2000
Evaluating architecture 8/10... Fitness: 0.1119, Accuracy: 0.2000
Evaluating architecture 9/10... Fitness: 0.2580, Accuracy: 0.3000
Evaluating architecture 10/10... Fitness: 0.3158, Accuracy: 0.4000

Sorting population in terms of fitness score (high -> low) ...
Best in generation: Arch(conv=2, acc=0.4000)

Best overall: Arch(conv=2, acc=0.4000)

Performing tournament selection of total population: 10 ...
Performing Crossover & Mutation ...
Elitism: Keeping top 2 architectures in next generation.
Next Generation: [Arch(conv=2, acc=0.4000), Arch(conv=2, acc=0.4000), Arch(conv=2, acc=0.0000), Arch(conv=2, acc=0.0000), Arch(conv=2, acc=0.4000), Arch(conv=2, acc=0.3000), Arch(conv=2, acc=0.3000), Arch(conv=1, acc=0.3000), Arch(conv=2, acc=0.0000), Arch(conv=2, acc=0.0000)]

============================================================
Generation 3/5
============================================================
Evaluating architecture 1/10... Fitness: 0.1158, Accuracy: 0.2000
Evaluating architecture 2/10... Fitness: 0.0158, Accuracy: 0.1000
Evaluating architecture 3/10... Fitness: 0.3158, Accuracy: 0.4000
Evaluating architecture 4/10... Fitness: 0.3158, Accuracy: 0.4000
Evaluating architecture 5/10... Fitness: 0.3158, Accuracy: 0.4000
Evaluating architecture 6/10... Fitness: 0.3946, Accuracy: 0.4000
Evaluating architecture 7/10... Fitness: 0.2160, Accuracy: 0.3000
Evaluating architecture 8/10... Fitness: 0.2580, Accuracy: 0.3000
Evaluating architecture 9/10... Fitness: 0.2789, Accuracy: 0.3000
Evaluating architecture 10/10... Fitness: 0.3158, Accuracy: 0.4000

Sorting population in terms of fitness score (high -> low) ...
Best in generation: Arch(conv=2, acc=0.4000)

Best overall: Arch(conv=2, acc=0.4000)

Performing tournament selection of total population: 10 ...
Performing Crossover & Mutation ...
Elitism: Keeping top 2 architectures in next generation.
Next Generation: [Arch(conv=2, acc=0.4000), Arch(conv=2, acc=0.4000), Arch(conv=2, acc=0.0000), Arch(conv=2, acc=0.0000), Arch(conv=2, acc=0.4000), Arch(conv=2, acc=0.4000), Arch(conv=2, acc=0.0000), Arch(conv=2, acc=0.0000), Arch(conv=2, acc=0.0000), Arch(conv=2, acc=0.0000)]

============================================================
Generation 4/5
============================================================
Evaluating architecture 1/10... Fitness: 0.3946, Accuracy: 0.4000
Evaluating architecture 2/10... Fitness: 0.3158, Accuracy: 0.4000
Evaluating architecture 3/10... Fitness: 0.1946, Accuracy: 0.2000
Evaluating architecture 4/10... Fitness: 0.2158, Accuracy: 0.3000
Evaluating architecture 5/10... Fitness: 0.3158, Accuracy: 0.4000
Evaluating architecture 6/10... Fitness: 0.2158, Accuracy: 0.3000
Evaluating architecture 7/10... Fitness: 0.2946, Accuracy: 0.3000
Evaluating architecture 8/10... Fitness: 0.0158, Accuracy: 0.1000
Evaluating architecture 9/10... Fitness: 0.1893, Accuracy: 0.2000
Evaluating architecture 10/10... Fitness: 0.1158, Accuracy: 0.2000

Sorting population in terms of fitness score (high -> low) ...
Best in generation: Arch(conv=2, acc=0.4000)

Best overall: Arch(conv=2, acc=0.4000)

Performing tournament selection of total population: 10 ...
Performing Crossover & Mutation ...
Elitism: Keeping top 2 architectures in next generation.
Next Generation: [Arch(conv=2, acc=0.4000), Arch(conv=2, acc=0.4000), Arch(conv=2, acc=0.0000), Arch(conv=2, acc=0.0000), Arch(conv=2, acc=0.0000), Arch(conv=2, acc=0.0000), Arch(conv=2, acc=0.0000), Arch(conv=2, acc=0.0000), Arch(conv=2, acc=0.0000), Arch(conv=2, acc=0.0000)]

============================================================
Generation 5/5
============================================================
Evaluating architecture 1/10... Fitness: 0.1946, Accuracy: 0.2000
Evaluating architecture 2/10... Fitness: 0.2158, Accuracy: 0.3000
Evaluating architecture 3/10... Fitness: 0.1946, Accuracy: 0.2000
Evaluating architecture 4/10... Fitness: 0.3158, Accuracy: 0.4000
Evaluating architecture 5/10... Fitness: 0.1788, Accuracy: 0.2000
Evaluating architecture 6/10... Fitness: 0.1158, Accuracy: 0.2000
Evaluating architecture 7/10... Fitness: 0.2158, Accuracy: 0.3000
Evaluating architecture 8/10... Fitness: 0.1946, Accuracy: 0.2000
Evaluating architecture 9/10... Fitness: 0.3158, Accuracy: 0.4000
Evaluating architecture 10/10... Fitness: 0.2158, Accuracy: 0.3000

Sorting population in terms of fitness score (high -> low) ...
Best in generation: Arch(conv=2, acc=0.4000)

Best overall: Arch(conv=2, acc=0.4000)

Performing tournament selection of total population: 10 ...
Performing Crossover & Mutation ...
Elitism: Keeping top 2 architectures in next generation.
Next Generation: [Arch(conv=2, acc=0.4000), Arch(conv=2, acc=0.4000), Arch(conv=2, acc=0.0000), Arch(conv=2, acc=0.0000), Arch(conv=2, acc=0.0000), Arch(conv=2, acc=0.0000), Arch(conv=2, acc=0.3000), Arch(conv=2, acc=0.3000), Arch(conv=4, acc=0.0000), Arch(conv=2, acc=0.0000)]

============================================================
FINAL BEST ARCHITECTURE
============================================================
Genes: {'num_conv': 2, 'conv_configs': [{'filters': 64, 'kernel_size': 7}, {'filters': 16, 'kernel_size': 3}], 'pool_type': 'avg', 'activation': 'leaky_relu', 'fc_units': 128}
Accuracy: 0.4000
Fitness: 0.3946

Total parameters: 544,570

Model architecture:
CNN(
  (features): Sequential(
    (0): Conv2d(3, 64, kernel_size=(7, 7), stride=(1, 1), padding=(3, 3))
    (1): BatchNorm2d(64, eps=1e-05, momentum=0.1, affine=True, track_running_stats=True)
    (2): LeakyReLU(negative_slope=0.1, inplace=True)
    (3): Conv2d(64, 16, kernel_size=(3, 3), stride=(1, 1), padding=(1, 1))
    (4): BatchNorm2d(16, eps=1e-05, momentum=0.1, affine=True, track_running_stats=True)
    (5): LeakyReLU(negative_slope=0.1, inplace=True)
    (6): AvgPool2d(kernel_size=2, stride=2, padding=0)
  )
  (classifier): Sequential(
    (0): Flatten(start_dim=1, end_dim=-1)
    (1): Linear(in_features=4096, out_features=128, bias=True)
    (2): ReLU(inplace=True)
    (3): Dropout(p=0.5, inplace=False)
    (4): Linear(in_features=128, out_features=10, bias=True)
  )
)
